packs/_source/elkan5e-class-features/barbarian/barbarians-defense.json
packs/_source/elkan5e-class-features/barbarian/bloodrager/wild-blood.json
packs/_source/elkan5e-class-features/barbarian/rage.json
packs/_source/elkan5e-class-features/cleric/life-domain/healing-overflow.json
packs/_source/elkan5e-class-features/cleric/life-domain/infused-healer.json
packs/_source/elkan5e-class-features/fighter/second-wind.json
packs/_source/elkan5e-class-features/monk/martial-arts.json
packs/_source/elkan5e-class-features/monk/open-hand/sweep.json
packs/_source/elkan5e-class-features/monk/shadowdancer/hijack-shadow.json
packs/_source/elkan5e-class-features/monk/shadowdancer/meld-with-shadows.json
packs/_source/elkan5e-class-features/paladin/aura-of-courage.json
packs/_source/elkan5e-class-features/paladin/aura-of-protection.json
packs/_source/elkan5e-class-features/warlock/fey-patron/misty-misdirect.json
packs/_source/elkan5e-class-features/warlock/fey-patron/power-of-love-and-fear.json
packs/_source/elkan5e-class-features/warlock/pact-magic.json
packs/_source/elkan5e-class/barbarian.json
packs/_source/elkan5e-class/bard.json
packs/_source/elkan5e-class/cleric.json
packs/_source/elkan5e-class/druid.json
packs/_source/elkan5e-class/fighter.json
packs/_source/elkan5e-class/monk.json
packs/_source/elkan5e-class/paladin.json
packs/_source/elkan5e-class/ranger.json
packs/_source/elkan5e-class/rogue.json
packs/_source/elkan5e-class/sorcerer.json
packs/_source/elkan5e-class/warlock.json
packs/_source/elkan5e-class/wizard.json
packs/_source/elkan5e-equipment/weapons/martial/adamantine/adamantine-greataxe.json
packs/_source/elkan5e-feats/ancestry-feats/draconic-breath-control-dragonborn.json
packs/_source/elkan5e-feats/class-feats/barbarian-feats/enraged-presence-barbarian.json
packs/_source/elkan5e-feats/class-feats/barbarian-feats/enraged-prowess-barbarian.json
packs/_source/elkan5e-feats/level-4-feats/inspiring-performance.json
packs/_source/elkan5e-feats/level-8-feats/grapple-hold.json
packs/_source/elkan5e-magic-items/weapon/1-weapons/martial-adamantine/adamantine-battleaxe-1.json
packs/_source/elkan5e-magic-items/weapon/2-weapons/martial-adamantine/adamantine-battleaxe-2.json
packs/_source/elkan5e-magic-items/weapon/3-weapons/martial-adamantine/adamantine-battleaxe-3.json
packs/_source/elkan5e-rules/rules-references/spellcasting.json
packs/_source/elkan5e-rules/spell-lists/spells-by-class.json
packs/_source/elkan5e-rules/spell-lists/spells-by-subclass.json
packs/_source/elkan5e-spells/cantrip/acid-splash.json
packs/_source/elkan5e-spells/cantrip/dancing-lights.json
packs/_source/elkan5e-spells/cantrip/druidcraft.json
packs/_source/elkan5e-spells/cantrip/elementalism.json
packs/_source/elkan5e-spells/cantrip/fire-bolt.json
packs/_source/elkan5e-spells/cantrip/floating-disk.json
packs/_source/elkan5e-spells/cantrip/guidance.json
packs/_source/elkan5e-spells/cantrip/illusory-script.json
packs/_source/elkan5e-spells/cantrip/lapidate.json
packs/_source/elkan5e-spells/cantrip/light.json
packs/_source/elkan5e-spells/cantrip/mage-hand.json
packs/_source/elkan5e-spells/cantrip/mending.json
packs/_source/elkan5e-spells/cantrip/message.json
packs/_source/elkan5e-spells/cantrip/minor-illusion.json
packs/_source/elkan5e-spells/cantrip/minor-magic-missile.json
packs/_source/elkan5e-spells/cantrip/negative-energy-ray.json
packs/_source/elkan5e-spells/cantrip/prestidigitation.json
packs/_source/elkan5e-spells/cantrip/produce-flame.json
packs/_source/elkan5e-spells/cantrip/rain.json
packs/_source/elkan5e-spells/cantrip/ray-of-frost.json
packs/_source/elkan5e-spells/cantrip/resistance.json
packs/_source/elkan5e-spells/cantrip/sacred-flame.json
