File: packs/_source/elkan5e-class-features/barbarian/barbarians-defense.json
Diff too large to display (>105 lines), skipping detailed diff.

File: packs/_source/elkan5e-class-features/barbarian/bloodrager/wild-blood.json
Diff too large to display (>93 lines), skipping detailed diff.

File: packs/_source/elkan5e-class-features/barbarian/rage.json
Diff too large to display (>129 lines), skipping detailed diff.

File: packs/_source/elkan5e-class-features/cleric/life-domain/healing-overflow.json
Diff too large to display (>84 lines), skipping detailed diff.

File: packs/_source/elkan5e-class-features/cleric/life-domain/infused-healer.json
Diff too large to display (>54 lines), skipping detailed diff.

File: packs/_source/elkan5e-class-features/fighter/second-wind.json
Diff too large to display (>43 lines), skipping detailed diff.

File: packs/_source/elkan5e-class-features/monk/martial-arts.json
Diff between versions:
--- /tmp/ours.tmp	2025-07-01 17:43:27.100452300 -0400
+++ /tmp/theirs.tmp	2025-07-01 17:43:27.151980100 -0400
@@ -41,7 +41,7 @@
 	},
 	"system": {
 		"description": {
-			"value": "<p>Your practice of martial arts gives you mastery of combat styles that use unarmed strikes in addition to weapons.</p><p>You gain the following benefits while you aren't wearing armor or wielding a shield:</p><ul><li><p>You roll a d6 in place of the normal damage dice of your unarmed strike. This die increases to [[/r 1d8]] at level 5, [[/r 1d10[[ at level 11, and [[/r 1d12]] at level 17, as shown in the Martial Arts column of the @UUID[Compendium.elkan5e.elkan5e-class.VQiQktedzIusKs4y]{monk table}. These increases are also listed later on this page.</p></li><li><p>You can choose to wield a weapon as a monk weapon. You must be proficient with the weapon, and it can't have the &amp;reference[Heavy] property. Your can use your Martial Arts die for damage rolls with monk weapons instead of the weapon's normal damage dice.</p></li><li><p>On a turn where you take the &amp;reference[Attack] action using an unarmed strike or a monk weapon, and you have an empty second hand, you can make an unarmed strike with your off-hand without the normal penalties for off-hand weapons.</p></li><li><p>You can use &amp;reference[dexterity]{dexterity} instead of &amp;reference[strength]{strength} for the attack and damage rolls of your unarmed strikes and monk weapons.</p></li><li><p>You can use &amp;reference[acrobatics] instead of &amp;reference[athletics] to &amp;reference[grappled]{grapple} or push creatures.</p></li><li><p>For the purpose of other abilities, your unarmed strikes count as having the &amp;reference[finesse] and &amp;reference[light weapon] properties. As normal, whether you are a monk or not, your unarmed attacks count as attacks with a melee weapon.</p></li></ul><p></p><p></p><p><em>If you take the Attack action and attack with a spear, you can use your dexterity for the attack roll. The spear would deal (1d6+dex) in damage if wielded one-handed and (1d8+dex) in damage if wielded two handed. However, a spear wielded by a level 20 monk would deal (1d12+dex) damage, because the monk's unarmed die is a d12, which is higher than the weapon's normal damage die.</em></p><p><em>If the monk was wielding the spear with one hand, the monk can also make an unarmed strike as part of the attack action. This is in line with our general changes to @UUID[Compendium.elkan5e.elkan5e-rules.nfEDSQG0DMBs7eGp.JournalEntryPage.0mJgDHc69dAZQtRr#dual-wielding]{dual wielding}. Unlike dual wielding with weapons, a monk does not need to have the @UUID[Compendium.elkan5e.elkan5e-class-features.ipFfwmfAjjuNXaru]{Two-Weapon Fighting Style} to fight effectively in this way. A monk is trained in making many attacks in a short time.</em></p>",
+			"value": "<p>Your practice of martial arts gives you mastery of combat styles that use unarmed strikes in addition to weapons.</p><p>You gain the following benefits while you aren't wearing armor or wielding a shield:</p><ul><li><p>You roll a d6 in place of the normal damage dice of your unarmed strike. This die increases to 1d8 at level 5, 1d10 at level 11, and 1d12 at level 17, as shown in the Martial Arts column of the @UUID[Compendium.elkan5e.elkan5e-class.VQiQktedzIusKs4y]{monk table}. These increases are also listed later on this page.</p></li><li><p>You can choose to wield a weapon as a monk weapon. You must be proficient with the weapon, and it can't have the &amp;reference[Heavy] property. Your can use your Martial Arts die for damage rolls with monk weapons instead of the weapon's normal damage dice.</p></li><li><p>On a turn where you take the &amp;reference[Attack] action using an unarmed strike or a monk weapon, and you have an empty second hand, you can make an unarmed strike with your off-hand without the normal penalties for off-hand weapons.</p></li><li><p>You can use dexterity instead of strength for the attack and damage rolls of your unarmed strikes and monk weapons.</p></li><li><p>You can use &amp;reference[acrobatics] instead of &amp;reference[athletics] to grapple creatures.</p></li><li><p>For the purpose of other abilities, your unarmed strikes count as having the &amp;reference[finesse] and &amp;reference[light weapon] properties. As normal, whether you are a monk or not, your unarmed attacks count as attacks with a melee weapon.</p></li></ul><p></p><p></p><p><em>If you take the Attack action and attack with a spear, you can use your dexterity for the attack roll. The spear would deal (1d6+dex) in damage if wielded one-handed and (1d8+dex) in damage if wielded two handed. However, a spear wielded by a level 20 monk would deal (1d12+dex) damage, because the monk's unarmed die is a d12, which is higher than the weapon's normal damage die.</em></p><p><em>If the monk was wielding the spear with one hand, the monk can also make an unarmed strike as part of the attack action. This is in line with our general changes to @UUID[Compendium.elkan5e.elkan5e-rules.nfEDSQG0DMBs7eGp.JournalEntryPage.0mJgDHc69dAZQtRr#dual-wielding]{dual wielding}. Unlike dual wielding with weapons, a monk does not need to have the @UUID[Compendium.elkan5e.elkan5e-class-features.ipFfwmfAjjuNXaru]{Two-Weapon Fighting Style} to fight effectively in this way. A monk is trained in making many attacks in a short time.</em></p>",
 			"chat": ""
 		},
 		"source": {

File: packs/_source/elkan5e-class-features/monk/open-hand/sweep.json
Diff between versions:
--- /tmp/ours.tmp	2025-07-01 17:43:27.548799800 -0400
+++ /tmp/theirs.tmp	2025-07-01 17:43:27.597799900 -0400
@@ -120,9 +120,7 @@
 		"prerequisites": {
 			"level": null
 		},
-		"properties": [
-			"mgc"
-		]
+		"properties": []
 	},
 	"effects": [
 		{

File: packs/_source/elkan5e-class-features/monk/shadowdancer/hijack-shadow.json
Diff too large to display (>125 lines), skipping detailed diff.

File: packs/_source/elkan5e-class-features/monk/shadowdancer/meld-with-shadows.json
Diff too large to display (>63 lines), skipping detailed diff.

File: packs/_source/elkan5e-class-features/paladin/aura-of-courage.json
Diff between versions:
--- /tmp/ours.tmp	2025-07-01 17:43:28.871620800 -0400
+++ /tmp/theirs.tmp	2025-07-01 17:43:28.919620900 -0400
@@ -122,7 +122,7 @@
 			"custom": "elkan5e.com/paladin"
 		},
 		"uses": {
-			"max": "",
+			"max": "0",
 			"spent": 0,
 			"recovery": []
 		},

File: packs/_source/elkan5e-class-features/paladin/aura-of-protection.json
Diff between versions:
--- /tmp/ours.tmp	2025-07-01 17:43:29.327980000 -0400
+++ /tmp/theirs.tmp	2025-07-01 17:43:29.379424400 -0400
@@ -134,7 +134,7 @@
 			"custom": "elkan5e.com/paladin"
 		},
 		"uses": {
-			"max": "",
+			"max": "0",
 			"spent": 0,
 			"recovery": []
 		},

File: packs/_source/elkan5e-class-features/warlock/fey-patron/misty-misdirect.json
Diff between versions:
--- /tmp/ours.tmp	2025-07-01 17:43:29.764884500 -0400
+++ /tmp/theirs.tmp	2025-07-01 17:43:29.811884600 -0400
@@ -112,7 +112,7 @@
 			"max": "3"
 		},
 		"description": {
-			"value": "<p><em>As you are about to be struck by an attack, you switch places with an unfortunate enemy or a convenient object nearby.</em></p><p><strong>Reaction</strong> - 1 Creature or Object (30 ft.) - 3/Long Rest - Magical</p><p>When you are hit with an attack, you can use your reaction to switch places with a creature or object other than your attacker, causing the chosen creature or object to take the damage. You and the chosen creature or object remain in your new positions.</p>",
+			"value": "<p><em>As you are about to be struck by an attack, you switch places with an unfortunate enemy nearby.</em></p><p><strong>Reaction</strong> - 1 Creature (30 ft.) - 3/Long Rest - Magical</p><p>When you are hit with an attack, you can use your reaction to switch places with a creature other than your attacker, causing them to take the damage. You and the chosen creature remain in your new positions.</p>",
 			"chat": ""
 		},
 		"identifier": "",

File: packs/_source/elkan5e-class-features/warlock/fey-patron/power-of-love-and-fear.json
Diff between versions:
--- /tmp/ours.tmp	2025-07-01 17:43:30.212734200 -0400
+++ /tmp/theirs.tmp	2025-07-01 17:43:30.263529800 -0400
@@ -381,7 +381,7 @@
 			"max": ""
 		},
 		"description": {
-			"value": "<p><strong>No Action Cost</strong> - 1 Round to 1 Minute - Magical</p><p>Whenever a creature fails a wisdom save against one of your spells of 1st level or higher, you can choose to &amp;reference[charmed]{charm} or &amp;reference[frightened]{frighten} the target as well for the duration of the spell (to a maximum of 1 minute). If the spell is instantaneous, this ability lasts 1 round.</p><p></p><p><em>If your target would have advantage on saves against charm or frightening effects, using this feature may allow your target to reroll their save if they did not previously have advantage.</em></p>",
+			"value": "<p><strong>No Action Cost</strong> - 1 Round to 1 Minute - Magical</p><p>Whenever a creature fails a wisdom save against one of your spells of 1st level or higher, you can choose to &amp;reference[charmed]{charm} or &amp;reference[frightened]{frighten} the target as well for the duration of the spell (to a maximum of 1 minute). If the spell is instantaneous, this ability lasts 1 round.</p>",
 			"chat": ""
 		},
 		"identifier": "",

File: packs/_source/elkan5e-class-features/warlock/pact-magic.json
Diff too large to display (>100 lines), skipping detailed diff.

File: packs/_source/elkan5e-class/barbarian.json
Diff too large to display (>81 lines), skipping detailed diff.

File: packs/_source/elkan5e-class/bard.json
Diff too large to display (>89 lines), skipping detailed diff.

File: packs/_source/elkan5e-class/cleric.json
Diff too large to display (>75 lines), skipping detailed diff.

File: packs/_source/elkan5e-class/druid.json
Diff too large to display (>82 lines), skipping detailed diff.

File: packs/_source/elkan5e-class/fighter.json
Diff too large to display (>74 lines), skipping detailed diff.

File: packs/_source/elkan5e-class/monk.json
Diff too large to display (>69 lines), skipping detailed diff.

File: packs/_source/elkan5e-class/paladin.json
Diff too large to display (>89 lines), skipping detailed diff.

File: packs/_source/elkan5e-class/ranger.json
Diff too large to display (>84 lines), skipping detailed diff.

File: packs/_source/elkan5e-class/rogue.json
Diff too large to display (>79 lines), skipping detailed diff.

File: packs/_source/elkan5e-class/sorcerer.json
Diff too large to display (>161 lines), skipping detailed diff.

File: packs/_source/elkan5e-class/warlock.json
Diff too large to display (>305 lines), skipping detailed diff.

File: packs/_source/elkan5e-class/wizard.json
Diff too large to display (>69 lines), skipping detailed diff.

File: packs/_source/elkan5e-equipment/weapons/martial/adamantine/adamantine-greataxe.json
Diff between versions:
--- /tmp/ours.tmp	2025-07-01 17:43:36.635234700 -0400
+++ /tmp/theirs.tmp	2025-07-01 17:43:36.690260800 -0400
@@ -11,9 +11,7 @@
 			"rollAttackPerTarget": "default",
 			"removeAttackDamageButtons": "default",
 			"itemCondition": "",
-			"effectCondition": "",
-			"reactionCondition": "",
-			"otherCondition": ""
+			"effectCondition": ""
 		},
 		"midiProperties": {
 			"nodam": false,
@@ -31,10 +29,6 @@
 			"confirmTargets": "default",
 			"autoSaveFriendly": false,
 			"noConcentrationCheck": false
-		},
-		"tidy5e-sheet": {
-			"section": "",
-			"actionSection": ""
 		}
 	},
 	"system": {

File: packs/_source/elkan5e-feats/ancestry-feats/draconic-breath-control-dragonborn.json
Diff too large to display (>46 lines), skipping detailed diff.

File: packs/_source/elkan5e-feats/class-feats/barbarian-feats/enraged-presence-barbarian.json
Diff too large to display (>66 lines), skipping detailed diff.

File: packs/_source/elkan5e-feats/class-feats/barbarian-feats/enraged-prowess-barbarian.json
Diff too large to display (>47 lines), skipping detailed diff.

File: packs/_source/elkan5e-feats/level-4-feats/inspiring-performance.json
Diff between versions:
--- /tmp/ours.tmp	2025-07-01 17:43:38.605868900 -0400
+++ /tmp/theirs.tmp	2025-07-01 17:43:38.664300600 -0400
@@ -137,7 +137,7 @@
 			"rules": "",
 			"book": "Elkan 5e",
 			"page": "",
-			"custom": "elkan5e.com/feats/inspiring-performance",
+			"custom": "",
 			"license": ""
 		},
 		"advancement": [
@@ -209,6 +209,6 @@
 			}
 		}
 	},
-	"_id": "lGyTHItORoU6LpSy",
-	"_key": "!items!lGyTHItORoU6LpSy"
+	"_id": "MFzRUzFaJHK9A43v",
+	"_key": "!items!MFzRUzFaJHK9A43v"
 }
\ No newline at end of file

File: packs/_source/elkan5e-feats/level-8-feats/grapple-hold.json
Diff between versions:
--- /tmp/ours.tmp	2025-07-01 17:43:39.100121400 -0400
+++ /tmp/theirs.tmp	2025-07-01 17:43:39.150859100 -0400
@@ -6,7 +6,7 @@
 	"img": "icons/magic/control/debuff-chains-shackle-movement-red.webp",
 	"system": {
 		"description": {
-			"value": "<p><em><strong>Prerequisite: Proficiency in &amp;reference[athletics].</strong></em></p><p><em>You are skilled at restraining creatures with your bare hands.</em></p><ul><li><p>You can use a @UUID[Compendium.elkan5e.elkan5e-rules.JournalEntry.eS0uzU55fprQJqIt.JournalEntryPage.zaI1nuc41wANKoFX]{grapple} check on a creature you are already grappling in place of an attack. If you succeed, the creature is &amp;reference[restrained]. This does not require another empty hand. You cannot restrain a creature more than one size larger than you.</p></li><li><p>When you are &amp;reference[grappled], you can choose to automatically grapple the creature that grappled you if you have an empty hand to do so.</p></li><li><p>You can move at full speed while grappling a creature of your size or smaller, pulling any grappled creature(s) with you.</p></li></ul>",
+			"value": "<p><em><strong>Prerequisite: Proficiency in &amp;reference[athletics].</strong> </em></p><p><em>You are skilled at restraining creatures with your bare hands.</em></p><p>You can use a @UUID[Compendium.elkan5e.elkan5e-rules.JournalEntry.eS0uzU55fprQJqIt.JournalEntryPage.zaI1nuc41wANKoFX]{grapple} check on a creature you are already grappling in place of an attack. If you succeed, the creature is &amp;reference[restrained]. This does not require another empty hand. You cannot restrain a creature more than one size larger than you.</p><p>When you are &amp;reference[grappled], you can choose to automatically grapple the creature that grappled you if you have an empty hand to do so.</p>",
 			"chat": ""
 		},
 		"source": {

File: packs/_source/elkan5e-magic-items/weapon/2-weapons/martial-adamantine/adamantine-battleaxe-2.json
Diff between versions:
--- /tmp/ours.tmp	2025-07-01 17:43:39.579777100 -0400
+++ /tmp/theirs.tmp	2025-07-01 17:43:39.633774500 -0400
@@ -13,9 +13,7 @@
 			"rollAttackPerTarget": "default",
 			"removeAttackDamageButtons": "default",
 			"itemCondition": "",
-			"effectCondition": "",
-			"reactionCondition": "",
-			"otherCondition": ""
+			"effectCondition": ""
 		},
 		"midiProperties": {
 			"nodam": false,
@@ -33,10 +31,6 @@
 			"offHandWeapon": false,
 			"noConcentrationCheck": false,
 			"ignoreTotalCover": false
-		},
-		"tidy5e-sheet": {
-			"section": "",
-			"actionSection": ""
 		}
 	},
 	"system": {

File: packs/_source/elkan5e-magic-items/weapon/3-weapons/martial-adamantine/adamantine-battleaxe-3.json
Diff between versions:
--- /tmp/ours.tmp	2025-07-01 17:43:40.054154600 -0400
+++ /tmp/theirs.tmp	2025-07-01 17:43:40.108308800 -0400
@@ -13,9 +13,7 @@
 			"rollAttackPerTarget": "default",
 			"removeAttackDamageButtons": "default",
 			"itemCondition": "",
-			"effectCondition": "",
-			"reactionCondition": "",
-			"otherCondition": ""
+			"effectCondition": ""
 		},
 		"midiProperties": {
 			"nodam": false,
@@ -33,10 +31,6 @@
 			"offHandWeapon": false,
 			"noConcentrationCheck": false,
 			"ignoreTotalCover": false
-		},
-		"tidy5e-sheet": {
-			"section": "",
-			"actionSection": ""
 		}
 	},
 	"system": {

File: packs/_source/elkan5e-rules/rules-references/spellcasting.json
Diff between versions:
--- /tmp/ours.tmp	2025-07-01 17:43:40.534265900 -0400
+++ /tmp/theirs.tmp	2025-07-01 17:43:40.590777300 -0400
@@ -1711,7 +1711,7 @@
 			"type": "rule",
 			"_id": "Vpwu9GQC6HVNZFze",
 			"system": {
-				"tooltip": "<div><p>Some spells count as curses, such as <em>@UUID[Compendium.elkan5e.elkan5e-spells.Item.5YfzPpLkF7a0VrIq]{Curse of Frailty}</em> or <em>@UUID[Compendium.elkan5e.elkan5e-spells.Item.43Vyt2wzU0SISfYm]{Rend Vigor}</em>.</p><ul><li><p>When you curse a target, you can choose to have the curse's effect occur under only specific circumstances, such as cursing a target with a <em>Curse of Frailty</em> that only affects them when fighting &amp;reference[dragon]{dragons}.</p></li><li><p>You can set a duration or a condition that would end the curse, but you are not required to.</p></li><li><p>As the caster, you can choose to end the curse at any time.</p></li><li><p>If the target is later affected by the <em>@UUID[Compendium.elkan5e.elkan5e-spells.Item.xT937OvSQSRfUoix]{Protection From Curses}</em> spell, the curse is temporarily nullified. A curse cannot be removed with <em>@UUID[Compendium.elkan5e.elkan5e-spells.Item.oZwKW3I3yzrSdpLE]{Dispel Magic}</em>. Curses can be removed with <em>@UUID[Compendium.elkan5e.elkan5e-spells.Item.piOfkIqVwkpV4Znb]{Break Enchantment}</em>.</p></li></ul></div>",
+				"tooltip": "<div><p>Some spells count as curses, such as <em>@UUID[Compendium.elkan5e.elkan5e-spells.Item.5YfzPpLkF7a0VrIq]{Curse of Frailty}</em> or <em>@UUID[Compendium.elkan5e.elkan5e-spells.Item.43Vyt2wzU0SISfYm]{Rend Vigor}</em>.</p><ul><li><p>When you curse a target, you can choose to have the curse's effect occur under only specific circumstances, such as cursing a target with a <em>Curse of Frailty</em> that only affects them when fighting &amp;reference[dragon]{dragons}. </p></li><li><p>You can set a duration or a condition that would end the curse, but you are not required to.</p></li><li><p>As the caster, you can choose to end the curse at any time.</p></li><li><p>If the target is affected by the <em>@UUID[Compendium.elkan5e.elkan5e-spells.Item.xT937OvSQSRfUoix]{Protection From Curses}</em> spell, the curse is temporarily nullified. A curse cannot be removed with <em>@UUID[Compendium.elkan5e.elkan5e-spells.Item.oZwKW3I3yzrSdpLE]{Dispel Magic}</em>. Curses can be removed with <em>@UUID[Compendium.elkan5e.elkan5e-spells.Item.Mi4qWwfmDYv6GrkI]{Greater Restoration}</em>.</p></li></ul></div>",
 				"type": "rule"
 			},
 			"title": {
@@ -1721,7 +1721,7 @@
 			"image": {},
 			"text": {
 				"format": 1,
-				"content": "<div><p>Some spells count as curses, such as <em>@UUID[Compendium.elkan5e.elkan5e-spells.Item.5YfzPpLkF7a0VrIq]{Curse of Frailty}</em> or <em>@UUID[Compendium.elkan5e.elkan5e-spells.Item.43Vyt2wzU0SISfYm]{Rend Vigor}</em>.</p><ul><li><p>When you curse a target, you can choose to have the curse's effect occur under only specific circumstances, such as cursing a target with a <em>Curse of Frailty</em> that only affects them when fighting &amp;reference[dragon]{dragons}.</p></li><li><p>You can set a duration or a condition that would end the curse, but you are not required to.</p></li><li><p>As the caster, you can choose to end the curse at any time.</p></li><li><p>If the target is later affected by the <em>@UUID[Compendium.elkan5e.elkan5e-spells.Item.xT937OvSQSRfUoix]{Protection From Curses}</em> spell, the curse is temporarily nullified. A curse cannot be removed with <em>@UUID[Compendium.elkan5e.elkan5e-spells.Item.oZwKW3I3yzrSdpLE]{Dispel Magic}</em>. Curses can be removed with <em>@UUID[Compendium.elkan5e.elkan5e-spells.Item.piOfkIqVwkpV4Znb]{Break Enchantment}</em>.</p></li></ul></div>"
+				"content": "<div><p>Some spells count as curses, such as <em>@UUID[Compendium.elkan5e.elkan5e-spells.Item.5YfzPpLkF7a0VrIq]{Curse of Frailty}</em> or <em>@UUID[Compendium.elkan5e.elkan5e-spells.Item.43Vyt2wzU0SISfYm]{Rend Vigor}</em>.</p><ul><li><p>When you curse a target, you can choose to have the curse's effect occur under only specific circumstances, such as cursing a target with a <em>Curse of Frailty</em> that only affects them when fighting &amp;reference[dragon]{dragons}. </p></li><li><p>You can set a duration or a condition that would end the curse, but you are not required to.</p></li><li><p>As the caster, you can choose to end the curse at any time.</p></li><li><p>If the target is affected by the <em>@UUID[Compendium.elkan5e.elkan5e-spells.Item.xT937OvSQSRfUoix]{Protection From Curses}</em> spell, the curse is temporarily nullified. A curse cannot be removed with <em>@UUID[Compendium.elkan5e.elkan5e-spells.Item.oZwKW3I3yzrSdpLE]{Dispel Magic}</em>. Curses can be removed with <em>@UUID[Compendium.elkan5e.elkan5e-spells.Item.Mi4qWwfmDYv6GrkI]{Greater Restoration}</em>.</p></li></ul></div>"
 			},
 			"video": {
 				"controls": true,
@@ -1742,10 +1742,10 @@
 				"duplicateSource": null,
 				"coreVersion": "13.346",
 				"systemId": "dnd5e",
-				"systemVersion": "4.3.9",
+				"systemVersion": "4.1.1",
 				"createdTime": 1731992333945,
-				"modifiedTime": 1749593285217,
-				"lastModifiedBy": "ymGs3J4QpWbCOXON",
+				"modifiedTime": 1732962529085,
+				"lastModifiedBy": "3Yi0HjF4PKCA4vX0",
 				"exportSource": null
 			},
 			"category": null,

File: packs/_source/elkan5e-rules/spell-lists/spells-by-class.json
Diff too large to display (>90 lines), skipping detailed diff.

File: packs/_source/elkan5e-rules/spell-lists/spells-by-subclass.json
Diff too large to display (>81 lines), skipping detailed diff.

File: packs/_source/elkan5e-spells/level-1/disguise-self.json
Diff too large to display (>645 lines), skipping detailed diff.

File: packs/_source/elkan5e-spells/level-1/goodberry.json
Diff too large to display (>526 lines), skipping detailed diff.

File: packs/_source/elkan5e-spells/level-1/sanctify.json
Diff too large to display (>931 lines), skipping detailed diff.

File: packs/_source/elkan5e-spells/level-2/flaming-sphere.json
Diff too large to display (>425 lines), skipping detailed diff.

File: packs/_source/elkan5e-spells/level-2/levitate.json
Diff too large to display (>667 lines), skipping detailed diff.

File: packs/_source/elkan5e-spells/level-2/magic-mouth.json
Diff too large to display (>583 lines), skipping detailed diff.

File: packs/_source/elkan5e-spells/level-2/mirror-image.json
Diff too large to display (>693 lines), skipping detailed diff.

File: packs/_source/elkan5e-spells/level-2/moonbeam.json
Diff too large to display (>695 lines), skipping detailed diff.

File: packs/_source/elkan5e-spells/level-2/see-invisibility.json
Diff too large to display (>507 lines), skipping detailed diff.

File: packs/_source/elkan5e-spells/level-2/spike-growth.json
Diff too large to display (>515 lines), skipping detailed diff.

File: packs/_source/elkan5e-spells/level-2/zone-of-truth.json
Diff too large to display (>639 lines), skipping detailed diff.

File: packs/_source/elkan5e-spells/level-3/clairvoyance.json
Diff too large to display (>357 lines), skipping detailed diff.

File: packs/_source/elkan5e-spells/level-3/conjure-beast.json
Diff too large to display (>424 lines), skipping detailed diff.

File: packs/_source/elkan5e-spells/level-3/create-food-and-water.json
Diff too large to display (>349 lines), skipping detailed diff.

File: packs/_source/elkan5e-spells/level-3/curse-of-clumsiness.json
Diff too large to display (>597 lines), skipping detailed diff.

File: packs/_source/elkan5e-spells/level-3/curse-of-frailty.json
Diff too large to display (>555 lines), skipping detailed diff.

File: packs/_source/elkan5e-spells/level-3/curse-of-mindfire.json
Diff too large to display (>675 lines), skipping detailed diff.

File: packs/_source/elkan5e-spells/level-3/explosive-runes.json
Diff too large to display (>425 lines), skipping detailed diff.

File: packs/_source/elkan5e-spells/level-3/magic-circle.json
Diff too large to display (>477 lines), skipping detailed diff.

File: packs/_source/elkan5e-spells/level-3/revivify.json
Diff too large to display (>383 lines), skipping detailed diff.

File: packs/_source/elkan5e-spells/level-3/tongues.json
Diff too large to display (>507 lines), skipping detailed diff.

File: packs/_source/elkan5e-spells/level-4/private-sanctum.json
Diff too large to display (>549 lines), skipping detailed diff.

File: packs/_source/elkan5e-spells/level-5/break-enchantment.json
Diff too large to display (>484 lines), skipping detailed diff.

File: packs/_source/elkan5e-spells/level-5/geas.json
Diff too large to display (>1073 lines), skipping detailed diff.

File: packs/_source/elkan5e-spells/level-5/greater-restoration.json
Diff too large to display (>343 lines), skipping detailed diff.

File: packs/_source/elkan5e-spells/level-5/hallow.json
Diff too large to display (>621 lines), skipping detailed diff.

File: packs/_source/elkan5e-spells/level-5/mislead.json
Diff too large to display (>489 lines), skipping detailed diff.

File: packs/_source/elkan5e-spells/level-5/modify-memory.json
Diff too large to display (>523 lines), skipping detailed diff.

File: packs/_source/elkan5e-spells/level-5/passwall.json
Diff too large to display (>345 lines), skipping detailed diff.

File: packs/_source/elkan5e-spells/level-5/seeming.json
Diff too large to display (>497 lines), skipping detailed diff.

File: packs/_source/elkan5e-spells/level-5/telekinesis.json
Diff too large to display (>586 lines), skipping detailed diff.

File: packs/_source/elkan5e-spells/level-5/telepathic-bond.json
Diff too large to display (>474 lines), skipping detailed diff.

File: packs/_source/elkan5e-spells/level-5/teleportation-circle.json
Diff too large to display (>561 lines), skipping detailed diff.

File: packs/_source/elkan5e-spells/level-5/wall-of-force.json
Diff too large to display (>363 lines), skipping detailed diff.

File: packs/_source/elkan5e-spells/level-5/wall-of-stone.json
Diff too large to display (>534 lines), skipping detailed diff.

File: packs/_source/elkan5e-spells/level-6/blade-barrier.json
Diff too large to display (>404 lines), skipping detailed diff.

File: packs/_source/elkan5e-spells/level-6/disintegrate.json
Diff too large to display (>399 lines), skipping detailed diff.

File: packs/_source/elkan5e-spells/level-6/forbiddance.json
Diff too large to display (>442 lines), skipping detailed diff.

File: packs/_source/elkan5e-spells/level-6/freezing-sphere.json
Diff too large to display (>400 lines), skipping detailed diff.

File: packs/_source/elkan5e-spells/level-7/finger-of-death.json
Diff too large to display (>390 lines), skipping detailed diff.

File: packs/_source/elkan5e-spells/level-8/clone.json
Diff too large to display (>339 lines), skipping detailed diff.

File: packs/_source/elkan5e-spells/level-8/incendiary-cloud.json
Diff too large to display (>398 lines), skipping detailed diff.

File: packs/_source/elkan5e-spells/level-8/power-word-stun.json
Diff too large to display (>507 lines), skipping detailed diff.

File: packs/_source/elkan5e-subclass/monk/open-hand.json
Diff between versions:
--- /tmp/ours.tmp	2025-07-01 17:44:02.881949300 -0400
+++ /tmp/theirs.tmp	2025-07-01 17:44:02.935952500 -0400
@@ -8,7 +8,7 @@
 	},
 	"system": {
 		"description": {
-			"value": "<p><span>Monks of the Way of the Open Hand are the ultimate masters of control over one's own physical body. Their bodies are so in tune with the ambient magic in the air that they can deliver devastating blows, disrupt their opponents, and even protect themselves from harm.</span></p><table data-toc-level=\"3\"><caption>The Open Hand</caption><colgroup><col></col><col></col></colgroup><thead><tr><th scope=\"col\">Level</th><th scope=\"col\">Features</th></tr></thead><tbody><tr><td>3</td><td>@UUID[Compendium.elkan5e.elkan5e-class-features.Item.ecHupkSSAus3eGjy]{Sweep}, @UUID[Compendium.elkan5e.elkan5e-class-features.Item.hrwHcRbxTgtiggNm]{Twin Currents}</td></tr><tr><td>6</td><td>@UUID[Compendium.elkan5e.elkan5e-class-features.Item.3fWn83bPozeqt7jR]{Wholeness of Body}</td></tr><tr><td>10</td><td>@UUID[Compendium.elkan5e.elkan5e-class-features.Item.DZCKrECJbsohkAkj]{Repulsion Wave}</td></tr><tr><td>14</td><td>@UUID[Compendium.elkan5e.elkan5e-class-features.Item.24aoMibvXzQenfBR]{Quivering Palm}</td></tr></tbody></table>",
+			"value": "<p><span>Monks of the Way of the Open Hand are the ultimate masters of control over one's own physical body. Their bodies are so in tune with the ambient magic in the air that they can deliver devastating blows, disrupt their opponents, and even protect themselves from harm.</span></p><table data-toc-level=\"3\"><caption>The Open Hand</caption><colgroup><col/><col/></colgroup><thead><tr><th scope=\"col\">Level</th><th scope=\"col\">Features</th></tr></thead><tbody><tr><td>3</td><td>@UUID[Compendium.elkan5e.elkan5e-class-features.Item.ecHupkSSAus3eGjy]{Thrust}</td></tr><tr><td>6</td><td>@UUID[Compendium.elkan5e.elkan5e-class-features.Item.3fWn83bPozeqt7jR]{Wholeness of Body}</td></tr><tr><td>10</td><td>@UUID[Compendium.elkan5e.elkan5e-class-features.Item.DZCKrECJbsohkAkj]{Repulsion Wave}</td></tr><tr><td>14</td><td>@UUID[Compendium.elkan5e.elkan5e-class-features.Item.24aoMibvXzQenfBR]{Quivering Palm}</td></tr></tbody></table>",
 			"chat": ""
 		},
 		"source": {
@@ -30,10 +30,6 @@
 						{
 							"uuid": "Compendium.elkan5e.elkan5e-class-features.Item.ecHupkSSAus3eGjy",
 							"optional": false
-						},
-						{
-							"uuid": "Compendium.elkan5e.elkan5e-class-features.Item.hrwHcRbxTgtiggNm",
-							"optional": false
 						}
 					],
 					"optional": false,

File: packs/_source/elkan5e-subclass/ranger/spellbreaker.json
Diff between versions:
--- /tmp/ours.tmp	2025-07-01 17:44:03.400079700 -0400
+++ /tmp/theirs.tmp	2025-07-01 17:44:03.451079900 -0400
@@ -6,7 +6,7 @@
 	"img": "icons/commodities/treasure/broach-eye-silver-teal.webp",
 	"system": {
 		"description": {
-			"value": "<p>Spellbreakers dedicate their lives to hunting mages and magical creatures. Though all rangers are skilled at tracking and regularly fight creatures with magical power, spellbreakers focus on hampering or outright disabling the magical abilities of their foes. Some are zealots who hate or fear magic, but most spellbreakers only hunt mages or magical creatures who get out of control or threaten innocents.</p><table data-toc-level=\"3\"><caption>Spellbreaker</caption><colgroup><col></col><col></col></colgroup><thead><tr><th scope=\"col\">Level</th><th scope=\"col\">Features</th></tr></thead><tbody><tr><td>3</td><td>@UUID[Compendium.elkan5e.elkan5e-class-features.Item.DTO0IEWtZxQvqJrP]{Magic Shackles}, @UUID[Compendium.elkan5e.elkan5e-class-features.Item.rZ0yficcpohjcvKx]{Mark of Breaking}</td></tr><tr><td>6</td><td>@UUID[Compendium.elkan5e.elkan5e-class-features.Item.ephwTM1iSjPPaJkn]{Cleanse Magic}</td></tr><tr><td>11</td><td>@UUID[Compendium.elkan5e.elkan5e-class-features.Item.Xe51IME6ys6WoC9f]{Rend Magic}</td></tr><tr><td>14</td><td>@UUID[Compendium.elkan5e.elkan5e-class-features.Item.JuRJ625MuRQoseuT]{Spell Shield}</td></tr></tbody></table><p></p><table data-toc-level=\"3\"><caption>Expanded Spell List</caption><colgroup><col></col><col></col></colgroup><thead><tr><th scope=\"col\"><strong>Ranger Level</strong></th><th scope=\"col\"><strong>Extra Spell</strong></th></tr></thead><tbody><tr><td>3</td><td>@UUID[Compendium.elkan5e.elkan5e-spells.Item.zWjDq2YlL1XWOcji]{Detect Magic}, @UUID[Compendium.elkan5e.elkan5e-spells.Item.DtqyQCHrAX96VclO]{Identify}</td></tr><tr><td>5</td><td>@UUID[Compendium.elkan5e.elkan5e-spells.Item.ImAJahFvkxJnFmaC]{Knock}, @UUID[Compendium.elkan5e.elkan5e-spells.Item.Wp9ckwdiUpIuPE5l]{See Invisibility}</td></tr><tr><td>9</td><td>@UUID[Compendium.elkan5e.elkan5e-spells.Item.3URtFYL4DElhR4Jr]{Intercession}, @UUID[Compendium.elkan5e.elkan5e-spells.Item.xT937OvSQSRfUoix]{Protection from Curses}</td></tr><tr><td>13</td><td>@UUID[Compendium.elkan5e.elkan5e-spells.Item.VhcOj938RhpZDDhI]{Arcane Eye}, @UUID[Compendium.elkan5e.elkan5e-spells.Item.ynE0kLi6F2AdqnR7]{Banishment}</td></tr><tr><td>17</td><td>@UUID[Compendium.elkan5e.elkan5e-spells.Item.piOfkIqVwkpV4Znb]{Break Enchantment}, @UUID[Compendium.elkan5e.elkan5e-spells.Item.Mi4qWwfmDYv6GrkI]{Greater Restoration}</td></tr></tbody></table>",
+			"value": "<p>Spellbreakers dedicate their lives to hunting mages and magical creatures. Though all rangers are skilled at tracking and regularly fight creatures with magical power, spellbreakers focus on hampering or outright disabling the magical abilities of their foes. Some are zealots who hate or fear magic, but most spellbreakers only hunt mages or magical creatures who get out of control or threaten innocents.</p><table data-toc-level=\"3\"><caption>Spellbreaker</caption><colgroup><col></col><col></col></colgroup><thead><tr><th scope=\"col\">Level</th><th scope=\"col\">Features</th></tr></thead><tbody><tr><td>3</td><td>@UUID[Compendium.elkan5e.elkan5e-class-features.Item.DTO0IEWtZxQvqJrP]{Magic Shackles}, @UUID[Compendium.elkan5e.elkan5e-class-features.Item.rZ0yficcpohjcvKx]{Mark of Breaking}</td></tr><tr><td>6</td><td>@UUID[Compendium.elkan5e.elkan5e-class-features.Item.ephwTM1iSjPPaJkn]{Cleanse Magic}</td></tr><tr><td>11</td><td>@UUID[Compendium.elkan5e.elkan5e-class-features.Item.Xe51IME6ys6WoC9f]{Rend Magic}</td></tr><tr><td>14</td><td>@UUID[Compendium.elkan5e.elkan5e-class-features.Item.JuRJ625MuRQoseuT]{Spell Shield}</td></tr></tbody></table><p></p><table data-toc-level=\"3\"><caption>Expanded Spell List</caption><colgroup><col></col><col></col></colgroup><thead><tr><th scope=\"col\"><strong>Ranger Level</strong></th><th scope=\"col\"><strong>Extra Spell</strong></th></tr></thead><tbody><tr><td>3</td><td>@UUID[Compendium.elkan5e.elkan5e-spells.Item.zWjDq2YlL1XWOcji]{Detect Magic}, @UUID[Compendium.elkan5e.elkan5e-spells.Item.DtqyQCHrAX96VclO]{Identify}</td></tr><tr><td>5</td><td>@UUID[Compendium.elkan5e.elkan5e-spells.Item.ImAJahFvkxJnFmaC]{Knock}, @UUID[Compendium.elkan5e.elkan5e-spells.Item.Wp9ckwdiUpIuPE5l]{See Invisibility}</td></tr><tr><td>9</td><td>@UUID[Compendium.elkan5e.elkan5e-spells.Item.3URtFYL4DElhR4Jr]{Intercession}, @UUID[Compendium.elkan5e.elkan5e-spells.Item.xT937OvSQSRfUoix]{Protection from Curses}</td></tr><tr><td>13</td><td>@UUID[Compendium.elkan5e.elkan5e-spells.Item.VhcOj938RhpZDDhI]{Arcane Eye}, @UUID[Compendium.elkan5e.elkan5e-spells.Item.ynE0kLi6F2AdqnR7]{Banishment}</td></tr><tr><td>17</td><td>@UUID[Compendium.elkan5e.elkan5e-spells.Item.piOfkIqVwkpV4Znb]{Dispel Evil and Good}, @UUID[Compendium.elkan5e.elkan5e-spells.Item.Mi4qWwfmDYv6GrkI]{Greater Restoration}</td></tr></tbody></table>",
 			"chat": ""
 		},
 		"identifier": "",

File: packs/_source/elkan5e-subclass/sorcerer/draconic.json
Diff between versions:
--- /tmp/ours.tmp	2025-07-01 17:44:03.872065100 -0400
+++ /tmp/theirs.tmp	2025-07-01 17:44:03.926688600 -0400
@@ -6,7 +6,7 @@
 	"img": "icons/creatures/reptiles/dragon-horned-blue.webp",
 	"system": {
 		"description": {
-			"value": "<p>Sorcerers with the draconic origin are almost always descended from dragons. Since dragons can change shape and take mortal form, it's not unheard of for mortal bloodlines to have a draconic ancestor. In some, the power of the draconic bloodline manifests as powerful magical abilities that only grow with use.</p><p>In the world of Elkan, being part of a draconic Bloodline means you cannot be part of another, and you will forever have impulses to act similarly to the personalities of your Bloodlines. While you can control these impulses, it is a lifelong struggle. For more information, see the description of any dragonborn ancestry, such as @UUID[Compendium.elkan5e.elkan5e-ancestries.Item.CgP9p46fONndLjgp]{black dragonborn}.</p><table data-toc-level=\"3\"><caption>Expanded Spell List</caption><colgroup><col></col><col></col></colgroup><thead><tr><th scope=\"col\">Level</th><th scope=\"col\">Features</th></tr></thead><tbody><tr><td>1</td><td>@UUID[Compendium.elkan5e.elkan5e-class-features.Item.2JklRbZrpjBkItBR]{Draconic Toughness}</td></tr><tr><td>3</td><td>Breath Weapon</td></tr><tr><td>6</td><td>@UUID[Compendium.elkan5e.elkan5e-class-features.Item.87UBpH3dq0GLt31o]{Frightful Gaze}</td></tr><tr><td>10</td><td>@UUID[Compendium.elkan5e.elkan5e-class-features.Item.mWzkmsjC9Vq9nLHD]{Blindsight}</td></tr><tr><td>14</td><td>@UUID[Compendium.elkan5e.elkan5e-class-features.Item.sJitRqcpmEgWIFtE]{Dragon Wings}</td></tr></tbody></table><table data-toc-level=\"3\"><caption>Expanded Spell List</caption><colgroup><col></col><col></col></colgroup><thead><tr><th scope=\"col\">Sorcerer Level</th><th scope=\"col\">Extra Spells</th></tr></thead><tbody><tr><td>1</td><td>@UUID[Compendium.elkan5e.elkan5e-spells.Item.xwb82OAnypYUZ5BO]{Command}</td></tr><tr><td>3</td><td>@UUID[Compendium.elkan5e.elkan5e-spells.Item.pQF7bFtH2aIv9Nyq]{Alter Self}</td></tr><tr><td>5</td><td>@UUID[Compendium.elkan5e.elkan5e-spells.Item.GBsOYscOZmOZy0Ff]{Fear}</td></tr><tr><td>7</td><td>@UUID[Compendium.elkan5e.elkan5e-spells.Item.IXTamgZ9OiDPEu0v]{Fire Shield}</td></tr><tr><td>9</td><td>@UUID[Compendium.elkan5e.elkan5e-spells.Item.JMvciQxc508dJ3t8]{Dominate}</td></tr></tbody></table>",
+			"value": "<p>Sorcerers with the draconic origin are almost always descended from dragons. Since dragons can change shape and take mortal form, it's not unheard of for mortal bloodlines to have a draconic ancestor. In some, the power of the draconic bloodline manifests as powerful magical abilities that only grow with use.</p><p>In the world of Elkan, being part of a draconic Bloodline means you cannot be part of another, and you will forever have impulses to act similarly to the personalities of your Bloodlines. While you can control these impulses, it is a lifelong struggle. For more information, see the description of any dragonborn ancestry, such as @UUID[Compendium.elkan5e.elkan5e-ancestries.Item.CgP9p46fONndLjgp]{black dragonborn}.</p><table data-toc-level=\"3\"><caption>Expanded Spell List</caption><colgroup><col/><col/></colgroup><thead><tr><th scope=\"col\">Level</th><th scope=\"col\">Features</th></tr></thead><tbody><tr><td>1</td><td>@UUID[Compendium.elkan5e.elkan5e-class-features.Item.2JklRbZrpjBkItBR]{Draconic Toughness}</td></tr><tr><td>3</td><td>Breath Weapon</td></tr><tr><td>6</td><td>@UUID[Compendium.elkan5e.elkan5e-class-features.Item.87UBpH3dq0GLt31o]{Frightful Gaze}</td></tr><tr><td>10</td><td>@UUID[Compendium.elkan5e.elkan5e-class-features.Item.mWzkmsjC9Vq9nLHD]{Blindsight}</td></tr><tr><td>14</td><td>@UUID[Compendium.elkan5e.elkan5e-class-features.Item.sJitRqcpmEgWIFtE]{Dragon Wings}</td></tr></tbody></table><table data-toc-level=\"3\"><caption>Expanded Spell List</caption><colgroup><col/><col/></colgroup><thead><tr><th scope=\"col\">Sorcerer Level</th><th scope=\"col\">Extra Spells</th></tr></thead><tbody><tr><td>1</td><td>@UUID[Compendium.elkan5e.elkan5e-spells.Item.xwb82OAnypYUZ5BO]{Command}</td></tr><tr><td>3</td><td>@UUID[Compendium.elkan5e.elkan5e-spells.Item.pQF7bFtH2aIv9Nyq]{Alter Self}</td></tr><tr><td>5</td><td>@UUID[Compendium.elkan5e.elkan5e-spells.Item.GBsOYscOZmOZy0Ff]{Fear}</td></tr><tr><td>7</td><td>@UUID[Compendium.elkan5e.elkan5e-spells.Item.IXTamgZ9OiDPEu0v]{Fire Shield}</td></tr><tr><td>9</td><td>@UUID[Compendium.elkan5e.elkan5e-spells.Item.JMvciQxc508dJ3t8]{Dominate}</td></tr></tbody></table>",
 			"chat": ""
 		},
 		"source": {
@@ -273,6 +273,9 @@
 					"type": "feat",
 					"pool": [
 						{
+							"uuid": "Compendium.elkan5e.elkan5e-feats.Item.XXxtX29U6hj0nMW9"
+						},
+						{
 							"uuid": "Compendium.elkan5e.elkan5e-ancestries.Item.O290gPChb2jSXOxr"
 						},
 						{
@@ -301,9 +304,6 @@
 						},
 						{
 							"uuid": "Compendium.elkan5e.elkan5e-ancestries.Item.XHj1C8xGuRgYagov"
-						},
-						{
-							"uuid": "Compendium.elkan5e.elkan5e-feats.Item.7nHhBiNyCgHc4J7h"
 						}
 					],
 					"spell": null,

File: packs/_source/elkan5e-summoned-creatures/spells/arcane-sword.json
Diff between versions:
--- /tmp/ours.tmp	2025-07-01 17:44:04.352261500 -0400
+++ /tmp/theirs.tmp	2025-07-01 17:44:04.409604400 -0400
@@ -533,7 +533,7 @@
 		"lockRotation": false,
 		"rotation": 0,
 		"alpha": 1,
-		"disposition": 1,
+		"disposition": -1,
 		"displayBars": 50,
 		"bar1": {
 			"attribute": "attributes.hp"
@@ -587,9 +587,6 @@
 		"flags": {
 			"monks-enhanced-journal": {
 				"chatbubble": ""
-			},
-			"token-z": {
-				"zIndex": 0
 			}
 		},
 		"randomImg": false,
@@ -602,7 +599,7 @@
 				"ring": null,
 				"background": null
 			},
-			"effects": 0,
+			"effects": 1,
 			"subject": {
 				"scale": 1,
 				"texture": null

File: packs/_source/elkan5e-summoned-creatures/spells/rope-trick.json
Diff between versions:
--- /tmp/ours.tmp	2025-07-01 17:44:04.853988900 -0400
+++ /tmp/theirs.tmp	2025-07-01 17:44:04.910321900 -0400
@@ -554,7 +554,7 @@
 		"lockRotation": false,
 		"rotation": 0,
 		"alpha": 1,
-		"disposition": 0,
+		"disposition": -1,
 		"displayBars": 50,
 		"bar1": {
 			"attribute": "attributes.hp"

File: packs/_source/elkan5e-summoned-creatures/spells/spiritual-weapon.json
Diff between versions:
--- /tmp/ours.tmp	2025-07-01 17:44:05.343504000 -0400
+++ /tmp/theirs.tmp	2025-07-01 17:44:05.402251700 -0400
@@ -593,7 +593,7 @@
 		"lockRotation": false,
 		"rotation": 0,
 		"alpha": 1,
-		"disposition": 0,
+		"disposition": -1,
 		"displayBars": 50,
 		"bar1": {
 			"attribute": "attributes.hp"
@@ -653,20 +653,13 @@
 				"ring": null,
 				"background": null
 			},
-			"effects": 0,
+			"effects": 1,
 			"subject": {
 				"scale": 1,
 				"texture": null
 			}
 		},
-		"flags": {
-			"token-z": {
-				"zIndex": 0
-			},
-			"monks-enhanced-journal": {
-				"chatbubble": ""
-			}
-		},
+		"flags": {},
 		"randomImg": false,
 		"turnMarker": {
 			"mode": 1,

File: packs/_source/elkan5e-summoned-creatures/spells/zombie.json
Diff between versions:
--- /tmp/ours.tmp	2025-07-01 17:44:05.846255500 -0400
+++ /tmp/theirs.tmp	2025-07-01 17:44:05.900765700 -0400
@@ -528,7 +528,7 @@
 		"height": 1,
 		"lockRotation": false,
 		"rotation": 0,
-		"disposition": 1,
+		"disposition": -1,
 		"displayBars": 50,
 		"bar1": {
 			"attribute": "attributes.hp"
@@ -612,7 +612,7 @@
 				"ring": null,
 				"background": null
 			},
-			"effects": 0,
+			"effects": 1,
 			"subject": {
 				"scale": 1,
 				"texture": null

