packs/_source/elkan5e-magic-items/weapon/1-weapons/martial-adamantine/adamantine-battleaxe-1.json
packs/_source/elkan5e-spells/cantrip/acid-splash.json
packs/_source/elkan5e-spells/cantrip/dancing-lights.json
packs/_source/elkan5e-spells/cantrip/druidcraft.json
packs/_source/elkan5e-spells/cantrip/elementalism.json
packs/_source/elkan5e-spells/cantrip/fire-bolt.json
packs/_source/elkan5e-spells/cantrip/floating-disk.json
packs/_source/elkan5e-spells/cantrip/guidance.json
packs/_source/elkan5e-spells/cantrip/illusory-script.json
packs/_source/elkan5e-spells/cantrip/lapidate.json
packs/_source/elkan5e-spells/cantrip/light.json
packs/_source/elkan5e-spells/cantrip/mage-hand.json
packs/_source/elkan5e-spells/cantrip/mending.json
packs/_source/elkan5e-spells/cantrip/message.json
packs/_source/elkan5e-spells/cantrip/minor-illusion.json
packs/_source/elkan5e-spells/cantrip/minor-magic-missile.json
packs/_source/elkan5e-spells/cantrip/negative-energy-ray.json
packs/_source/elkan5e-spells/cantrip/prestidigitation.json
packs/_source/elkan5e-spells/cantrip/produce-flame.json
packs/_source/elkan5e-spells/cantrip/rain.json
packs/_source/elkan5e-spells/cantrip/ray-of-frost.json
packs/_source/elkan5e-spells/cantrip/resistance.json
packs/_source/elkan5e-spells/cantrip/sacred-flame.json
packs/_source/elkan5e-spells/cantrip/shillelagh.json
packs/_source/elkan5e-spells/cantrip/shocking-grasp.json
packs/_source/elkan5e-spells/cantrip/shout.json
packs/_source/elkan5e-spells/cantrip/sorcerous-burst.json
packs/_source/elkan5e-spells/cantrip/spare-the-dying.json
packs/_source/elkan5e-spells/cantrip/starry-wisp.json
packs/_source/elkan5e-spells/cantrip/static-charge.json
packs/_source/elkan5e-spells/cantrip/thaumaturgy.json
packs/_source/elkan5e-spells/cantrip/toxic-sting.json
packs/_source/elkan5e-spells/cantrip/true-strike.json
packs/_source/elkan5e-spells/cantrip/vicious-mockery.json
packs/_source/elkan5e-spells/cantrip/vine-lash.json
packs/_source/elkan5e-spells/level-1/alarm.json
packs/_source/elkan5e-spells/level-1/animal-friendship.json
packs/_source/elkan5e-spells/level-1/ball-lightning.json
packs/_source/elkan5e-spells/level-1/bane.json
packs/_source/elkan5e-spells/level-1/bless.json
packs/_source/elkan5e-spells/level-1/burning-hands.json
packs/_source/elkan5e-spells/level-1/charm.json
packs/_source/elkan5e-spells/level-1/chromatic-orb.json
packs/_source/elkan5e-spells/level-1/color-spray.json
packs/_source/elkan5e-spells/level-1/command.json
packs/_source/elkan5e-spells/level-1/comprehend-languages.json
packs/_source/elkan5e-spells/level-1/cure-wounds.json
packs/_source/elkan5e-spells/level-1/detect-evil-and-good.json
packs/_source/elkan5e-spells/level-1/detect-magic.json
packs/_source/elkan5e-spells/level-1/detect-poison-and-disease.json
packs/_source/elkan5e-spells/level-1/dissonant-whispers.json
packs/_source/elkan5e-spells/level-1/divine-favor.json
packs/_source/elkan5e-spells/level-1/ensnaring-strike.json
packs/_source/elkan5e-spells/level-1/entangle.json
packs/_source/elkan5e-spells/level-1/expeditious-retreat.json
packs/_source/elkan5e-spells/level-1/faerie-fire.json
packs/_source/elkan5e-spells/level-1/false-life.json
packs/_source/elkan5e-spells/level-1/feather-fall.json
packs/_source/elkan5e-spells/level-1/fog-cloud.json
packs/_source/elkan5e-spells/level-1/gentle-current.json
packs/_source/elkan5e-spells/level-1/grease.json
packs/_source/elkan5e-spells/level-1/guiding-bolt.json
packs/_source/elkan5e-spells/level-1/healing-word.json
packs/_source/elkan5e-spells/level-1/hellish-rebuke.json
packs/_source/elkan5e-spells/level-1/heroism.json
packs/_source/elkan5e-spells/level-1/hideous-laughter.json
packs/_source/elkan5e-spells/level-1/ice-knife.json
packs/_source/elkan5e-spells/level-1/identify.json
packs/_source/elkan5e-spells/level-1/inflict-wounds.json
packs/_source/elkan5e-spells/level-1/jump.json
packs/_source/elkan5e-spells/level-1/longstrider.json
packs/_source/elkan5e-spells/level-1/mage-armor.json
packs/_source/elkan5e-spells/level-1/magic-missile.json
packs/_source/elkan5e-spells/level-1/otherworldly-veil.json
packs/_source/elkan5e-spells/level-1/prismatic-bolt.json
packs/_source/elkan5e-spells/level-1/protection-from-evil-and-good.json
packs/_source/elkan5e-spells/level-1/purify.json
packs/_source/elkan5e-spells/level-1/ray-of-sickness.json
packs/_source/elkan5e-spells/level-1/rend-vigor.json
packs/_source/elkan5e-spells/level-1/sanctuary.json
packs/_source/elkan5e-spells/level-1/seeping-ooze.json
packs/_source/elkan5e-spells/level-1/shadow-strike.json
packs/_source/elkan5e-spells/level-1/shield-of-faith.json
packs/_source/elkan5e-spells/level-1/shield.json
packs/_source/elkan5e-spells/level-1/silent-image.json
packs/_source/elkan5e-spells/level-1/sleep.json
packs/_source/elkan5e-spells/level-1/snowball-swarm.json
packs/_source/elkan5e-spells/level-1/speak-with-animals.json
packs/_source/elkan5e-spells/level-1/spook.json
packs/_source/elkan5e-spells/level-1/thunderwave.json
packs/_source/elkan5e-spells/level-1/unseen-servant.json
packs/_source/elkan5e-spells/level-2/acid-arrow.json
packs/_source/elkan5e-spells/level-2/aid.json
packs/_source/elkan5e-spells/level-2/alter-self-bludgeoning-weapon.json
packs/_source/elkan5e-spells/level-2/alter-self-piercing-weapon.json
packs/_source/elkan5e-spells/level-2/alter-self-slashing-weapon.json
packs/_source/elkan5e-spells/level-2/alter-self.json
packs/_source/elkan5e-spells/level-2/animal-messenger.json
packs/_source/elkan5e-spells/level-2/animate-dead.json
packs/_source/elkan5e-spells/level-2/arcane-lock.json
packs/_source/elkan5e-spells/level-2/arms-of-earth.json
packs/_source/elkan5e-spells/level-2/augury.json
packs/_source/elkan5e-spells/level-2/barkskin.json
packs/_source/elkan5e-spells/level-2/blindness/deafness.json
packs/_source/elkan5e-spells/level-2/blur.json
packs/_source/elkan5e-spells/level-2/burning-beam.json
packs/_source/elkan5e-spells/level-2/calm-emotions.json
packs/_source/elkan5e-spells/level-2/continual-flame.json
packs/_source/elkan5e-spells/level-2/crushing-wave.json
packs/_source/elkan5e-spells/level-2/darkness.json
packs/_source/elkan5e-spells/level-2/darkvision.json
packs/_source/elkan5e-spells/level-2/detect-thoughts.json
packs/_source/elkan5e-spells/level-2/dragons-breath.json
packs/_source/elkan5e-spells/level-2/enhance-ability.json
packs/_source/elkan5e-spells/level-2/enthrall.json
packs/_source/elkan5e-spells/level-2/find-traps.json
packs/_source/elkan5e-spells/level-2/flame-blade.json
packs/_source/elkan5e-spells/level-2/gentle-repose.json
packs/_source/elkan5e-spells/level-2/gust-of-wind.json
packs/_source/elkan5e-spells/level-2/heat-metal.json
packs/_source/elkan5e-spells/level-2/hold-creature.json
packs/_source/elkan5e-spells/level-2/invisibility.json
packs/_source/elkan5e-spells/level-2/knock.json
packs/_source/elkan5e-spells/level-2/lesser-restoration.json
packs/_source/elkan5e-spells/level-2/locate-animals-or-plants.json
packs/_source/elkan5e-spells/level-2/locate-object.json
