packs/_source/elkan5e-ancestries/dragonborn/dragonborn-features/breath-weapon-black.json - Differences beyond description.value
packs/_source/elkan5e-ancestries/dragonborn/dragonborn-features/breath-weapon-blue.json - Differences beyond description.value
packs/_source/elkan5e-ancestries/dragonborn/dragonborn-features/breath-weapon-brass.json - Differences beyond description.value
packs/_source/elkan5e-ancestries/dragonborn/dragonborn-features/breath-weapon-bronze.json - Differences beyond description.value
packs/_source/elkan5e-ancestries/dragonborn/dragonborn-features/breath-weapon-copper.json - Differences beyond description.value
packs/_source/elkan5e-ancestries/dragonborn/dragonborn-features/breath-weapon-gold.json - Differences beyond description.value
packs/_source/elkan5e-ancestries/dragonborn/dragonborn-features/breath-weapon-green.json - Differences beyond description.value
packs/_source/elkan5e-ancestries/dragonborn/dragonborn-features/breath-weapon-red.json - Differences beyond description.value
packs/_source/elkan5e-ancestries/dragonborn/dragonborn-features/breath-weapon-silver.json - Differences beyond description.value
packs/_source/elkan5e-ancestries/dragonborn/dragonborn-features/breath-weapon-white.json - Differences beyond description.value
packs/_source/elkan5e-backgrounds/backgrounds/arcanist.json - Differences beyond description.value
packs/_source/elkan5e-backgrounds/backgrounds/devout.json - Differences beyond description.value
packs/_source/elkan5e-backgrounds/backgrounds/fey-touched.json - Differences beyond description.value
packs/_source/elkan5e-class-features/barbarian/barbarians-defense.json - Differences beyond description.value
packs/_source/elkan5e-class-features/barbarian/bloodrager/wild-blood.json - Differences beyond description.value
packs/_source/elkan5e-class-features/barbarian/rage.json - Differences beyond description.value
packs/_source/elkan5e-class-features/bard/cacophony/improved-blasting-volume.json - Differences beyond description.value
packs/_source/elkan5e-class-features/bard/jester/cutting-words.json - Differences beyond description.value
packs/_source/elkan5e-class-features/bard/jester/harmless-act.json - Differences beyond description.value
packs/_source/elkan5e-class-features/bard/jester/inciting-remarks.json - Differences beyond description.value
packs/_source/elkan5e-class-features/cleric/life-domain/healing-overflow.json - Differences beyond description.value
packs/_source/elkan5e-class-features/cleric/life-domain/infused-healer.json - Differences beyond description.value
packs/_source/elkan5e-class-features/fighter/champion/survivor.json - Differences beyond description.value
packs/_source/elkan5e-class-features/fighter/combat-maneuvers/level-8-maneuvers/dazing-blow-fighter.json - Differences beyond description.value
packs/_source/elkan5e-class-features/fighter/second-wind.json - Differences beyond description.value
packs/_source/elkan5e-class-features/monk/open-hand/sweep.json - Differences beyond description.value
packs/_source/elkan5e-class-features/monk/shadowdancer/hijack-shadow.json - Differences beyond description.value
packs/_source/elkan5e-class-features/monk/shadowdancer/meld-with-shadows.json - Differences beyond description.value
packs/_source/elkan5e-class-features/multiple-classes/blindsight.json - Differences beyond description.value
packs/_source/elkan5e-class-features/paladin/alternative-smite-options/sapping-smite.json - Differences beyond description.value
packs/_source/elkan5e-class-features/rogue/mystic-trickster/precision-attacks-mystic-trickster/sunder-mystic.json - Differences beyond description.value
packs/_source/elkan5e-class-features/rogue/mystic-trickster/precision-attacks-mystic-trickster/throat-punch-mystic.json - Differences beyond description.value
packs/_source/elkan5e-class-features/rogue/mystic-trickster/precision-attacks-mystic-trickster/vicious-wound-mystic.json - Differences beyond description.value
packs/_source/elkan5e-class-features/rogue/precision-attacks/level-11/throat-punch.json - Differences beyond description.value
packs/_source/elkan5e-class-features/rogue/precision-attacks/level-11/vicious-wound.json - Differences beyond description.value
packs/_source/elkan5e-class-features/rogue/precision-attacks/level-3/slicing-blow.json - Differences beyond description.value
packs/_source/elkan5e-class-features/sorcerer/metamagic/careful-spell.json - Differences beyond description.value
packs/_source/elkan5e-class-features/warlock/pact-magic.json - Differences beyond description.value
packs/_source/elkan5e-class-features/wizard/abjurer/greater-mage-armor.json - Differences beyond description.value
packs/_source/elkan5e-class-features/wizard/necromancer/spectral-empowerment.json - Differences beyond description.value
packs/_source/elkan5e-class/bard.json - Differences beyond description.value
packs/_source/elkan5e-class/cleric.json - Differences beyond description.value
packs/_source/elkan5e-class/druid.json - Differences beyond description.value
packs/_source/elkan5e-class/ranger.json - Differences beyond description.value
packs/_source/elkan5e-class/sorcerer.json - Differences beyond description.value
packs/_source/elkan5e-class/warlock.json - Differences beyond description.value
packs/_source/elkan5e-class/wizard.json - Differences beyond description.value
packs/_source/elkan5e-creature-features/keen-senses/keen-sight-and-smell.json - Differences beyond description.value
packs/_source/elkan5e-creature-features/keen-senses/keen-sight.json - Differences beyond description.value
packs/_source/elkan5e-creatures/aberration/malakai-crawler.json - Differences beyond description.value
packs/_source/elkan5e-creatures/aberration/malakai-grunt.json - Differences beyond description.value
packs/_source/elkan5e-creatures/aberration/malakai-hound.json - Differences beyond description.value
packs/_source/elkan5e-creatures/beast/brown-bear.json - Differences beyond description.value
packs/_source/elkan5e-creatures/beast/dire-badger.json - Differences beyond description.value
packs/_source/elkan5e-creatures/beast/dire-wolf.json - Differences beyond description.value
packs/_source/elkan5e-creatures/beast/giant-spitting-spider.json - Differences beyond description.value
packs/_source/elkan5e-creatures/beast/sabercat.json - Differences beyond description.value
packs/_source/elkan5e-creatures/construct/iron-sentry.json - Differences beyond description.value
packs/_source/elkan5e-creatures/construct/rock-golem.json - Differences beyond description.value
packs/_source/elkan5e-creatures/giant/ogre-lord.json - Differences beyond description.value
packs/_source/elkan5e-creatures/giant/ogre-mage.json - Differences beyond description.value
packs/_source/elkan5e-creatures/giant/ogre-mauler.json - Differences beyond description.value
packs/_source/elkan5e-creatures/giant/ogre.json - Differences beyond description.value
packs/_source/elkan5e-creatures/humanoid/abbot.json - Differences beyond description.value
packs/_source/elkan5e-creatures/humanoid/assassin.json - Differences beyond description.value
packs/_source/elkan5e-creatures/humanoid/bandit-brute.json - Differences beyond description.value
packs/_source/elkan5e-creatures/humanoid/bandit-enforcer.json - Differences beyond description.value
packs/_source/elkan5e-creatures/humanoid/bandit-knife-thrower.json - Differences beyond description.value
packs/_source/elkan5e-creatures/humanoid/bandit-lord.json - Differences beyond description.value
packs/_source/elkan5e-creatures/humanoid/deceiver.json - Differences beyond description.value
packs/_source/elkan5e-creatures/humanoid/duelist.json - Differences beyond description.value
packs/_source/elkan5e-creatures/humanoid/enlightened-initiate.json - Differences beyond description.value
packs/_source/elkan5e-creatures/humanoid/enlightened-monk.json - Differences beyond description.value
packs/_source/elkan5e-creatures/humanoid/kobold-shaman.json - Differences beyond description.value
packs/_source/elkan5e-creatures/humanoid/kobold-tunneler.json - Differences beyond description.value
packs/_source/elkan5e-creatures/humanoid/kobold.json - Differences beyond description.value
packs/_source/elkan5e-creatures/humanoid/radiant-archer.json - Differences beyond description.value
packs/_source/elkan5e-creatures/monstrosity/mutant-warrior.json - Differences beyond description.value
packs/_source/elkan5e-creatures/monstrosity/mutant-wizard.json - Differences beyond description.value
packs/_source/elkan5e-creatures/ooze/green-slime.json - Differences beyond description.value
packs/_source/elkan5e-creatures/undead/skeleton.json - Differences beyond description.value
packs/_source/elkan5e-creatures/undead/swarm-of-zombies.json - Differences beyond description.value
packs/_source/elkan5e-creatures/undead/zombie-brute.json - Differences beyond description.value
packs/_source/elkan5e-creatures/undead/zombie-plague-carrier.json - Differences beyond description.value
packs/_source/elkan5e-creatures/undead/zombie.json - Differences beyond description.value
packs/_source/elkan5e-feats/class-feats/barbarian-feats/enraged-prowess-barbarian.json - Differences beyond description.value
packs/_source/elkan5e-feats/combat-maneuver-feats/level-8-maneuvers/dazing-blow.json - Differences beyond description.value
packs/_source/elkan5e-feats/level-8-feats/challenger-charisma.json - Differences beyond description.value
packs/_source/elkan5e-feats/level-8-feats/challenger-strength.json - Differences beyond description.value
packs/_source/elkan5e-lore/batari-dualism.json - Differences beyond description.value
packs/_source/elkan5e-lore/elkan-lore-languages.json - Differences beyond description.value
packs/_source/elkan5e-lore/the-chimera-heresy.json - Differences beyond description.value
packs/_source/elkan5e-magic-items/weapon/misc-weapons/samar-quarterstaff.json - Differences beyond description.value
packs/_source/elkan5e-magic-items/weapon/misc-weapons/staff-of-truth-1.json - Differences beyond description.value
packs/_source/elkan5e-roll-tables/confused.json - Differences beyond description.value
packs/_source/elkan5e-roll-tables/wild-surge/wild-surge-table-lv-1.json - Differences beyond description.value
packs/_source/elkan5e-roll-tables/wild-surge/wild-surge-table-lv-10.json - Differences beyond description.value
packs/_source/elkan5e-roll-tables/wild-surge/wild-surge-table-lv-2.json - Differences beyond description.value
packs/_source/elkan5e-roll-tables/wild-surge/wild-surge-table-lv-3.json - Differences beyond description.value
packs/_source/elkan5e-roll-tables/wild-surge/wild-surge-table-lv-4.json - Differences beyond description.value
packs/_source/elkan5e-roll-tables/wild-surge/wild-surge-table-lv-5.json - Differences beyond description.value
packs/_source/elkan5e-roll-tables/wild-surge/wild-surge-table-lv-6.json - Differences beyond description.value
packs/_source/elkan5e-roll-tables/wild-surge/wild-surge-table-lv-7.json - Differences beyond description.value
packs/_source/elkan5e-roll-tables/wild-surge/wild-surge-table-lv-8.json - Differences beyond description.value
packs/_source/elkan5e-roll-tables/wild-surge/wild-surge-table-lv-9.json - Differences beyond description.value
packs/_source/elkan5e-rules/character-creation/ancestry-and-background.json - Differences beyond description.value
packs/_source/elkan5e-rules/character-creation/character-creation.json - Differences beyond description.value
packs/_source/elkan5e-rules/character-creation/feats.json - Differences beyond description.value
packs/_source/elkan5e-rules/character-creation/warlock-invocations.json - Differences beyond description.value
packs/_source/elkan5e-rules/help.json - Differences beyond description.value
packs/_source/elkan5e-rules/rules-references/armor.json - Differences beyond description.value
packs/_source/elkan5e-rules/rules-references/character-statistics.json - Differences beyond description.value
packs/_source/elkan5e-rules/rules-references/combat.json - Differences beyond description.value
packs/_source/elkan5e-rules/rules-references/conditions.json - Differences beyond description.value
packs/_source/elkan5e-rules/rules-references/languages.json - Differences beyond description.value
packs/_source/elkan5e-rules/rules-references/skills.json - Differences beyond description.value
packs/_source/elkan5e-rules/rules-references/spellcasting.json - Differences beyond description.value
packs/_source/elkan5e-rules/rules-references/tools.json - Differences beyond description.value
packs/_source/elkan5e-rules/rules-references/weapons.json - Differences beyond description.value
packs/_source/elkan5e-rules/rules-references/wild-magic.json - Differences beyond description.value
packs/_source/elkan5e-rules/spell-lists/spells-by-class.json - Differences beyond description.value
packs/_source/elkan5e-rules/spell-lists/spells-by-school-of-magic.json - Differences beyond description.value
packs/_source/elkan5e-rules/spell-lists/spells-by-subclass.json - Differences beyond description.value
packs/_source/elkan5e-rules/summary-of-changes.json - Differences beyond description.value
packs/_source/elkan5e-spells/cantrip/floating-disk.json - Differences beyond description.value
packs/_source/elkan5e-spells/cantrip/light.json - Differences beyond description.value
packs/_source/elkan5e-spells/cantrip/produce-flame.json - Differences beyond description.value
packs/_source/elkan5e-spells/cantrip/starry-wisp.json - Differences beyond description.value
packs/_source/elkan5e-spells/cantrip/static-charge.json - Differences beyond description.value
packs/_source/elkan5e-spells/level-1/faerie-fire.json - Differences beyond description.value
packs/_source/elkan5e-spells/level-1/fog-cloud.json - Differences beyond description.value
packs/_source/elkan5e-spells/level-1/goodberry.json - Differences beyond description.value
packs/_source/elkan5e-spells/level-1/ice-knife.json - Differences beyond description.value
packs/_source/elkan5e-spells/level-1/mage-armor.json - Differences beyond description.value
packs/_source/elkan5e-spells/level-1/speak-with-animals.json - Differences beyond description.value
packs/_source/elkan5e-spells/level-2/acid-arrow.json - Differences beyond description.value
packs/_source/elkan5e-spells/level-2/aid.json - Differences beyond description.value
packs/_source/elkan5e-spells/level-2/arms-of-earth.json - Differences beyond description.value
packs/_source/elkan5e-spells/level-2/continual-flame.json - Differences beyond description.value
packs/_source/elkan5e-spells/level-2/darkness.json - Differences beyond description.value
packs/_source/elkan5e-spells/level-2/enlarge/reduce.json - Differences beyond description.value
packs/_source/elkan5e-spells/level-2/gentle-repose.json - Differences beyond description.value
packs/_source/elkan5e-spells/level-2/moonbeam.json - Differences beyond description.value
packs/_source/elkan5e-spells/level-2/silence.json - Differences beyond description.value
packs/_source/elkan5e-spells/level-2/well-of-corruption.json - Differences beyond description.value
packs/_source/elkan5e-spells/level-3/daylight.json - Differences beyond description.value
packs/_source/elkan5e-spells/level-3/life-drain.json - Differences beyond description.value
packs/_source/elkan5e-spells/level-3/spirit-guardians.json - Differences beyond description.value
packs/_source/elkan5e-spells/level-3/stinking-cloud.json - Differences beyond description.value
packs/_source/elkan5e-spells/level-4/banishment.json - Differences beyond description.value
packs/_source/elkan5e-spells/level-4/blight.json - Differences beyond description.value
packs/_source/elkan5e-spells/level-4/fire-shield.json - Differences beyond description.value
packs/_source/elkan5e-spells/level-4/phantasmal-killer.json - Differences beyond description.value
packs/_source/elkan5e-spells/level-4/shockwave.json - Differences beyond description.value
packs/_source/elkan5e-spells/level-5/antilife-shell.json - Differences beyond description.value
packs/_source/elkan5e-spells/level-5/arcane-hand.json - Differences beyond description.value
packs/_source/elkan5e-spells/level-5/awaken.json - Differences beyond description.value
packs/_source/elkan5e-spells/level-5/break-enchantment.json - Differences beyond description.value
packs/_source/elkan5e-spells/level-5/cloudkill.json - Differences beyond description.value
packs/_source/elkan5e-spells/level-5/commune.json - Differences beyond description.value
packs/_source/elkan5e-spells/level-5/cone-of-cold.json - Differences beyond description.value
packs/_source/elkan5e-spells/level-5/contagion.json - Differences beyond description.value
packs/_source/elkan5e-spells/level-5/dream.json - Differences beyond description.value
packs/_source/elkan5e-spells/level-5/enervate.json - Differences beyond description.value
packs/_source/elkan5e-spells/level-5/geas.json - Differences beyond description.value
packs/_source/elkan5e-spells/level-5/greater-restoration.json - Differences beyond description.value
packs/_source/elkan5e-spells/level-5/legend-lore.json - Differences beyond description.value
packs/_source/elkan5e-spells/level-5/mass-cure-wounds.json - Differences beyond description.value
packs/_source/elkan5e-spells/level-5/mislead.json - Differences beyond description.value
packs/_source/elkan5e-spells/level-5/modify-memory.json - Differences beyond description.value
packs/_source/elkan5e-spells/level-5/passwall.json - Differences beyond description.value
packs/_source/elkan5e-spells/level-5/raise-dead.json - Differences beyond description.value
packs/_source/elkan5e-spells/level-5/vortex.json - Differences beyond description.value
packs/_source/elkan5e-spells/level-6/eyebite.json - Differences beyond description.value
packs/_source/elkan5e-spells/level-6/instant-summons.json - Differences beyond description.value
packs/_source/elkan5e-spells/level-6/magic-jar.json - Differences beyond description.value
packs/_source/elkan5e-spells/level-7/curse-of-doom.json - Differences beyond description.value
packs/_source/elkan5e-spells/level-9/prismatic-wall.json - Differences beyond description.value
packs/_source/elkan5e-spells/level-9/storm-of-vengeance.json - Differences beyond description.value
packs/_source/elkan5e-spells/level-9/wrath-of-the-reaper.json - Differences beyond description.value
packs/_source/elkan5e-spells/spells-class-specific-versions/elemental-savant-sorcerer/static-charge-air-savant.json - Differences beyond description.value
packs/_source/elkan5e-subclass/bard/warchanter.json - Differences beyond description.value
packs/_source/elkan5e-subclass/druid/shifter.json - Differences beyond description.value
packs/_source/elkan5e-subclass/fighter/spellsword-bard.json - Differences beyond description.value
packs/_source/elkan5e-subclass/fighter/spellsword-cleric.json - Differences beyond description.value
packs/_source/elkan5e-subclass/fighter/spellsword-druid.json - Differences beyond description.value
packs/_source/elkan5e-subclass/fighter/spellsword-sorcerer.json - Differences beyond description.value
packs/_source/elkan5e-subclass/fighter/spellsword-warlock.json - Differences beyond description.value
packs/_source/elkan5e-subclass/fighter/spellsword-wizard.json - Differences beyond description.value
packs/_source/elkan5e-subclass/monk/shadowdancer.json - Differences beyond description.value
packs/_source/elkan5e-subclass/rogue/mystic-trickster-bard.json - Differences beyond description.value
packs/_source/elkan5e-subclass/rogue/mystic-trickster-cleric.json - Differences beyond description.value
packs/_source/elkan5e-subclass/rogue/mystic-trickster-druid.json - Differences beyond description.value
packs/_source/elkan5e-subclass/rogue/mystic-trickster-sorcerer.json - Differences beyond description.value
packs/_source/elkan5e-subclass/rogue/mystic-trickster-warlock.json - Differences beyond description.value
packs/_source/elkan5e-subclass/rogue/mystic-trickster-wizard.json - Differences beyond description.value
packs/_source/elkan5e-summoned-creatures/familiars/bat-familiar.json - Differences beyond description.value
packs/_source/elkan5e-summoned-creatures/familiars/cat-familiar.json - Differences beyond description.value
packs/_source/elkan5e-summoned-creatures/familiars/crab-familiar.json - Differences beyond description.value
packs/_source/elkan5e-summoned-creatures/familiars/frog-familiar.json - Differences beyond description.value
packs/_source/elkan5e-summoned-creatures/familiars/hawk-familiar.json - Differences beyond description.value
packs/_source/elkan5e-summoned-creatures/familiars/lizard-familiar.json - Differences beyond description.value
packs/_source/elkan5e-summoned-creatures/familiars/octopus-familiar.json - Differences beyond description.value
packs/_source/elkan5e-summoned-creatures/familiars/owl-familiar.json - Differences beyond description.value
packs/_source/elkan5e-summoned-creatures/familiars/quipper-familiar.json - Differences beyond description.value
packs/_source/elkan5e-summoned-creatures/familiars/rat-familiar.json - Differences beyond description.value
packs/_source/elkan5e-summoned-creatures/familiars/raven-familiar.json - Differences beyond description.value
packs/_source/elkan5e-summoned-creatures/familiars/snake-familiar.json - Differences beyond description.value
packs/_source/elkan5e-summoned-creatures/familiars/spider-familiar.json - Differences beyond description.value
packs/_source/elkan5e-summoned-creatures/familiars/weasel-familiar.json - Differences beyond description.value
packs/_source/elkan5e-summoned-creatures/graveguards/cadaverous-graveguard.json - Differences beyond description.value
packs/_source/elkan5e-summoned-creatures/graveguards/skeletal-graveguard.json - Differences beyond description.value
packs/_source/elkan5e-summoned-creatures/graveguards/spectral-graveguard.json - Differences beyond description.value
packs/_source/elkan5e-summoned-creatures/pact-of-the-chain-familiar/bat-pact.json - Differences beyond description.value
packs/_source/elkan5e-summoned-creatures/pact-of-the-chain-familiar/cat-pact.json - Differences beyond description.value
packs/_source/elkan5e-summoned-creatures/pact-of-the-chain-familiar/crab-pact.json - Differences beyond description.value
packs/_source/elkan5e-summoned-creatures/pact-of-the-chain-familiar/frog-pact.json - Differences beyond description.value
packs/_source/elkan5e-summoned-creatures/pact-of-the-chain-familiar/hawk-pact.json - Differences beyond description.value
packs/_source/elkan5e-summoned-creatures/pact-of-the-chain-familiar/imp-pact.json - Differences beyond description.value
packs/_source/elkan5e-summoned-creatures/pact-of-the-chain-familiar/lizard-pact.json - Differences beyond description.value
packs/_source/elkan5e-summoned-creatures/pact-of-the-chain-familiar/octopus-pact.json - Differences beyond description.value
packs/_source/elkan5e-summoned-creatures/pact-of-the-chain-familiar/owl-pact.json - Differences beyond description.value
packs/_source/elkan5e-summoned-creatures/pact-of-the-chain-familiar/pseudodragon-pact.json - Differences beyond description.value
packs/_source/elkan5e-summoned-creatures/pact-of-the-chain-familiar/quasit-pact.json - Differences beyond description.value
packs/_source/elkan5e-summoned-creatures/pact-of-the-chain-familiar/quipper-pact.json - Differences beyond description.value
packs/_source/elkan5e-summoned-creatures/pact-of-the-chain-familiar/rat-pact.json - Differences beyond description.value
packs/_source/elkan5e-summoned-creatures/pact-of-the-chain-familiar/raven-pact.json - Differences beyond description.value
packs/_source/elkan5e-summoned-creatures/pact-of-the-chain-familiar/snake-pact.json - Differences beyond description.value
packs/_source/elkan5e-summoned-creatures/pact-of-the-chain-familiar/spider-pact.json - Differences beyond description.value
packs/_source/elkan5e-summoned-creatures/pact-of-the-chain-familiar/sprite-pact.json - Differences beyond description.value
packs/_source/elkan5e-summoned-creatures/pact-of-the-chain-familiar/weasel-pact.json - Differences beyond description.value
packs/_source/elkan5e-summoned-creatures/spells/animated-object-large.json - Differences beyond description.value
packs/_source/elkan5e-summoned-creatures/spells/animated-objects-swarm.json - Differences beyond description.value
packs/_source/elkan5e-summoned-creatures/spells/arcane-eye.json - Differences beyond description.value
packs/_source/elkan5e-summoned-creatures/spells/arcane-sword.json - Differences beyond description.value
packs/_source/elkan5e-summoned-creatures/spells/dancing-lights-medium.json - Differences beyond description.value
packs/_source/elkan5e-summoned-creatures/spells/dancing-lights-tiny.json - Differences beyond description.value
packs/_source/elkan5e-summoned-creatures/spells/daylight-sphere.json - Differences beyond description.value
packs/_source/elkan5e-summoned-creatures/spells/explosive-rune.json - Differences beyond description.value
packs/_source/elkan5e-summoned-creatures/spells/faithful-hound.json - Differences beyond description.value
packs/_source/elkan5e-summoned-creatures/spells/flaming-sphere.json - Differences beyond description.value
packs/_source/elkan5e-summoned-creatures/spells/floating-disk.json - Differences beyond description.value
packs/_source/elkan5e-summoned-creatures/spells/guardian-of-faith.json - Differences beyond description.value
packs/_source/elkan5e-summoned-creatures/spells/mage-hand.json - Differences beyond description.value
packs/_source/elkan5e-summoned-creatures/spells/rope-trick.json - Differences beyond description.value
packs/_source/elkan5e-summoned-creatures/spells/scrying-sensor.json - Differences beyond description.value
packs/_source/elkan5e-summoned-creatures/spells/spirit-steed.json - Differences beyond description.value
packs/_source/elkan5e-summoned-creatures/spells/spiritual-weapon.json - Differences beyond description.value
packs/_source/elkan5e-summoned-creatures/spells/tiny-hut.json - Differences beyond description.value
packs/_source/elkan5e-summoned-creatures/spells/unseen-servant.json - Differences beyond description.value
packs/_source/elkan5e-summoned-creatures/spells/wall-of-stone.json - Differences beyond description.value
packs/_source/elkan5e-summoned-creatures/spells/zombie.json - Differences beyond description.value
