packs/_source/elkan5e-ancestries/goblin/goblin-features/keen-smell.json
packs/_source/elkan5e-backgrounds/background-features/coordinating-direction.json
packs/_source/elkan5e-backgrounds/background-features/mob-tactics.json
packs/_source/elkan5e-backgrounds/background-features/narrow-escape.json
packs/_source/elkan5e-backgrounds/background-features/quiet-focus.json
packs/_source/elkan5e-backgrounds/background-features/sailors-vigilance.json
packs/_source/elkan5e-backgrounds/background-features/sudden-warning.json
packs/_source/elkan5e-class-features/barbarian/berserker/bloodthirsty-focus.json
packs/_source/elkan5e-class-features/barbarian/bloodrager/savage-spellcasting.json
packs/_source/elkan5e-class-features/barbarian/brutal-strike.json
packs/_source/elkan5e-class-features/barbarian/reckless-attack.json
packs/_source/elkan5e-class-features/barbarian/relentless-rage.json
packs/_source/elkan5e-class-features/bard/bardic-inspiration.json
packs/_source/elkan5e-class-features/bard/cacophony/drown-out-the-voices.json
packs/_source/elkan5e-class-features/bard/warchanter/warchant.json
packs/_source/elkan5e-class-features/cleric/death-domain/reaper.json
packs/_source/elkan5e-class-features/fighter/champion/improved-fighting-style/improved-protection.json
packs/_source/elkan5e-class-features/fighter/combat-maneuvers/level-4-maneuvers/brace-fighter.json
packs/_source/elkan5e-class-features/fighter/combat-maneuvers/level-4-maneuvers/harrying-blow-fighter.json
packs/_source/elkan5e-class-features/fighter/combat-maneuvers/level-4-maneuvers/tide-of-iron-fighter.json
packs/_source/elkan5e-class-features/fighter/combat-maneuvers/level-8-maneuvers/parry-fighter.json
packs/_source/elkan5e-class-features/fighter/commander/indomitable-squad.json
packs/_source/elkan5e-class-features/fighter/indomitable.json
packs/_source/elkan5e-class-features/fighter/spellsword/spellstrike.json
packs/_source/elkan5e-class-features/monk/deflect-attack.json
packs/_source/elkan5e-class-features/monk/elementalist/deflect-elements.json
packs/_source/elkan5e-class-features/monk/resilience-in-motion.json
packs/_source/elkan5e-class-features/monk/shadowdancer/empty-body.json
packs/_source/elkan5e-class-features/multiple-classes/evasion.json
packs/_source/elkan5e-class-features/multiple-classes/fighting-style-protection.json
packs/_source/elkan5e-class-features/paladin/avenger/avengers-leap.json
packs/_source/elkan5e-class-features/paladin/avenger/avengers-vow.json
packs/_source/elkan5e-class-features/paladin/avenger/searing-retribution.json
packs/_source/elkan5e-class-features/ranger/beastmaster/bonded-lifeforce.json
packs/_source/elkan5e-class-features/ranger/hunter/riposte.json
packs/_source/elkan5e-class-features/rogue/thief/interference.json
packs/_source/elkan5e-class-features/rogue/thief/misdirect.json
packs/_source/elkan5e-class-features/rogue/thief/uncanny-dodge.json
packs/_source/elkan5e-class-features/sorcerer/air-savant/elemental-infusion.json
packs/_source/elkan5e-class-features/sorcerer/earth-savant/elemental-infusion.json
packs/_source/elkan5e-class-features/sorcerer/fire-savant/elemental-infusion.json
packs/_source/elkan5e-class-features/sorcerer/shield-of-will.json
packs/_source/elkan5e-class-features/sorcerer/water-savant/elemental-infusion.json
packs/_source/elkan5e-class-features/sorcerer/wild-mage/delayed-surge.json
packs/_source/elkan5e-class-features/standard-actions/standard-actions.json
packs/_source/elkan5e-class-features/warlock/celestial-patron/guardian-angel.json
packs/_source/elkan5e-class-features/warlock/fey-patron/misty-misdirect.json
packs/_source/elkan5e-class-features/warlock/invocations/pact-of-the-chain-invocations/shared-life-chain.json
packs/_source/elkan5e-class-features/wizard/abjurer/counterspell.json
packs/_source/elkan5e-class-features/wizard/necromancer/mastery-of-soul.json
packs/_source/elkan5e-creature-features/templates/legendary.json
packs/_source/elkan5e-feats/class-feats/fighter-feats/improved-fighting-style/improved-protection-fighter.json
packs/_source/elkan5e-feats/combat-maneuver-feats/level-4-maneuvers/brace.json
packs/_source/elkan5e-feats/combat-maneuver-feats/level-4-maneuvers/harrying-blow.json
packs/_source/elkan5e-feats/combat-maneuver-feats/level-4-maneuvers/tide-of-iron.json
packs/_source/elkan5e-feats/combat-maneuver-feats/level-8-maneuvers/parry.json
packs/_source/elkan5e-feats/level-1-feats-for-1st-level-no-asi/tough.json
packs/_source/elkan5e-feats/level-4-feats/ambush-leader.json
packs/_source/elkan5e-feats/level-4-feats/fighting-style/fighting-style-protection.json
packs/_source/elkan5e-feats/level-4-feats/quick-wit.json
packs/_source/elkan5e-spells/cantrip/elementalism.json
packs/_source/elkan5e-spells/cantrip/fire-bolt.json
packs/_source/elkan5e-spells/cantrip/lapidate.json
packs/_source/elkan5e-spells/cantrip/mage-hand.json
packs/_source/elkan5e-spells/cantrip/prestidigitation.json
packs/_source/elkan5e-spells/cantrip/ray-of-frost.json
packs/_source/elkan5e-spells/cantrip/sorcerous-burst.json
packs/_source/elkan5e-spells/cantrip/thaumaturgy.json
packs/_source/elkan5e-spells/level-1/feather-fall.json
packs/_source/elkan5e-spells/level-1/hellish-rebuke.json
packs/_source/elkan5e-spells/level-1/shadow-strike.json
packs/_source/elkan5e-spells/level-1/shield.json
packs/_source/elkan5e-spells/level-5/animate-objects.json
packs/_source/elkan5e-spells/level-5/insect-plague.json
packs/_source/elkan5e-spells/level-5/planar-binding.json
packs/_source/elkan5e-spells/level-8/befuddlement.json
