Feature sync report 2025-12-20T04:51:45.306Z
Feature descriptions synced: 0, cantrips synced: 3, weapons synced: 0, armor synced: 0, creature files touched: 4
Skipped items:
  Reason: differs in damage, activities
  - humanoid\assassin.json :: weapon Shortsword
  - humanoid\bandit-brute.json :: weapon Club
  - humanoid\bandit-enforcer.json :: weapon Battleaxe
  - humanoid\bandit-lord.json :: weapon Battleaxe
  - humanoid\bullywug-champion.json :: weapon Spear
  - humanoid\bullywug-hunter.json :: weapon Spear
  - humanoid\bullywug.json :: weapon Spear
  - humanoid\duelist.json :: weapon Shortsword
  - humanoid\kobold-tunneler.json :: weapon Shortsword
  - humanoid\radiant-archer.json :: weapon Heavy Crossbow
  - monstrosity\mutant-warrior.json :: weapon Greatsword
  - monstrosity\mutant-wizard.json :: weapon Greatsword
  Reason: differs in damage, range, activities
  - humanoid\assassin.json :: weapon Dagger
  - humanoid\bandit-enforcer.json :: weapon Handaxe
  - humanoid\bandit-knife-thrower.json :: weapon Dagger
  - humanoid\bandit-lord.json :: weapon Handaxe
  - humanoid\deceiver.json :: weapon Dagger
  - humanoid\kobold-shaman.json :: weapon Dagger
  - humanoid\kobold-shaman.json :: weapon Sling
  - humanoid\kobold-tunneler.json :: weapon Sling
  - humanoid\kobold.json :: weapon Dagger
  - humanoid\kobold.json :: weapon Dart
  Reason: natural weapon
  - aberration\crocolisk.json :: weapon Bite
  - aberration\crocolisk.json :: weapon Thrash
  - aberration\malakai-crawler.json :: weapon Flailing Limbs
  - aberration\malakai-hound.json :: weapon Bite
  - beast\baboon.json :: weapon Bite
  - beast\badger.json :: weapon Bite
  - beast\bat.json :: weapon Bite
  - beast\brown-bear.json :: weapon Bite
  - beast\brown-bear.json :: weapon Claw
  - beast\camel.json :: weapon Bite
  - beast\cat.json :: weapon Claws
  - beast\crocodile.json :: weapon Bite
  - beast\crocodile.json :: weapon Thrash
  - beast\deer.json :: weapon Ram
  - beast\dire-badger.json :: weapon Claws
  - beast\dire-wolf.json :: weapon Bite
  - beast\draft-horse.json :: weapon Hooves
  - beast\eagle.json :: weapon Talons
  - beast\elephant.json :: weapon Gore
  - beast\fish.json :: weapon Bite
  - beast\giant-spitting-spider.json :: weapon Spit Acid
  - beast\griffenfly-nymph.json :: weapon Extending Jaw
  - beast\griffenfly.json :: weapon Bite
  - beast\hawk.json :: weapon Talons
  - beast\large-dog.json :: weapon Bite
  - beast\lizard.json :: weapon Bite
  - beast\mountain-goat.json :: weapon Ram
  - beast\mule.json :: weapon Hooves
  - beast\octopus.json :: weapon Tentacles
  - beast\owl.json :: weapon Talons
  - beast\pony.json :: weapon Hooves
  - beast\rat.json :: weapon Bite
  - beast\raven.json :: weapon Beak
  - beast\riding-horse.json :: weapon Hooves
  - beast\sabercat.json :: weapon Claw
  - beast\scorpion.json :: weapon Pincer
  - beast\scorpion.json :: weapon Sting
  - beast\spider.json :: weapon Sting
  - beast\warhorse.json :: weapon Hooves
  - beast\weasel.json :: weapon Bite
  - construct\iron-sentry.json :: weapon Slam
  - construct\rock-golem.json :: weapon Slam
  - dragon\pseudodragon.json :: weapon Bite
  - elemental\smoke-mephit.json :: weapon Smoke Touch
  - elemental\smoke-wisp.json :: weapon Smoke Touch
  - fey\sprite.json :: weapon Bite
  - fiend\imp.json :: weapon Bite
  - fiend\quasit.json :: weapon Claws
  - giant\ogre-mage.json :: weapon Incendiary Strike
  - humanoid\deceiver.json :: weapon Strike From The Shadows
  - humanoid\enlightened-initiate.json :: weapon Unarmed Strike
  - humanoid\enlightened-monk.json :: weapon Unarmed Strike
  - ooze\green-slime.json :: weapon Slimy Pseudopod
  - plant\lobber-pod.json :: weapon Bite
  - plant\lobber.json :: weapon Bite
  - plant\lobber.json :: weapon Spit Acid
  - undead\swarm-of-zombies.json :: weapon Slam
  - undead\warhorse-skeleton.json :: weapon Hooves
  - undead\zombie-brute.json :: weapon Slam
  - undead\zombie-plague-carrier.json :: weapon Slam
  - undead\zombie.json :: weapon Slam
  Reason: no identifier
  - beast\crab.json :: weapon Pincer
  - beast\dire-badger.json :: weapon Bite
  - beast\griffenfly.json :: weapon Stinging Spit
  - beast\sabercat.json :: weapon Bite
  - plant\lobber.json :: weapon Release Pod
  Reason: no matching base item
  - aberration\malakai-grunt.json :: weapon Bone Sword
  - construct\iron-sentry.json :: weapon Sword
  - giant\ogre-lord.json :: weapon Ogre Sledgehammer
  - giant\ogre-lord.json :: weapon Ogre Sledgehammer (Large or Bigger)
  - giant\ogre-mage.json :: weapon Ogre Magi Staff
  - giant\ogre-mage.json :: weapon Ogre Magi Staff (Large or Greater Target)
  - giant\ogre-mauler.json :: weapon Ogre Maul
  - giant\ogre-mauler.json :: weapon Ogre Maul (Large or Bigger)
  - giant\ogre.json :: weapon Ogre Greatclub
  - giant\ogre.json :: weapon Ogre Greatclub (Large or Greater)
  - undead\skeleton.json :: weapon Rusted Shortsword
  Reason: no matching base spell
  - giant\ogre-mage.json :: spell Haste
  - humanoid\abbot.json :: spell Last Hour
  - humanoid\deceiver.json :: spell Charm Person
  - monstrosity\mutant-wizard.json :: spell Rend the Veil [Frighten]
